<?xml version="1.0" encoding="UTF-8"?>
<!-- Generated by org.testng.reporters.JUnitReportReporter -->
<testsuite skipped="0" hostname="A2ML32119" name="runner.Runner" tests="1" failures="0" timestamp="11 Sep 2019 11:50:27 GMT" time="0.249" errors="0">
  <testcase name="feature" time="0.249" classname="runner.Runner"/>
</testsuite> <!-- runner.Runner -->
