<?xml version="1.0" encoding="UTF-8"?>
<!-- Generated by org.testng.reporters.JUnitReportReporter -->
<testsuite skipped="0" hostname="A2ML32119" name="runnerClass.Runner" tests="1" failures="0" timestamp="13 Sep 2019 12:19:32 GMT" time="26.109" errors="0">
  <testcase name="feature" time="26.109" classname="runnerClass.Runner"/>
</testsuite> <!-- runnerClass.Runner -->
