<?xml version="1.0" encoding="UTF-8"?>
<!-- Generated by org.testng.reporters.JUnitReportReporter -->
<testsuite skipped="0" hostname="A2ML32119" name="runnerClass.TestRunner" tests="2" failures="0" timestamp="17 Sep 2019 06:30:05 GMT" time="3.397" errors="0">
  <testcase name="feature" time="3.180" classname="runnerClass.TestRunner"/>
  <testcase name="feature" time="0.217" classname="runnerClass.TestRunner"/>
</testsuite> <!-- runnerClass.TestRunner -->
